Long Trader テスト実行レポート
==================================================
実行日時: 2025-06-14 11:37:16.662832
Python バージョン: 3.11.8 (main, May  5 2025, 15:45:21) [Clang 16.0.0 (clang-1600.0.26.6)]

実行テスト数: 15
失敗: 1
エラー: 0
成功率: 93.3%

失敗したテスト:
- test_validate_symbol_success (test_symbol_addition_pipeline.TestSymbolValidation.test_validate_symbol_success)
  Traceback (most recent call last):
  File "/Users/moriwakikeita/.pyenv/versions/3.11.8/lib/python3.11/unittest/mock.py", line 1375, in patched
    return func(*newargs, **newkeywargs)
           ^^^^^^^^^^^^^^^^^^^^^^^^^^^^^
  File "/Users/moriwakikeita/tools/long-trader/tests/test_symbol_addition_pipeline.py", line 135, in test_validate_symbol_success
    self.assertTrue(result.valid)
AssertionError: False is not true

